  Using bundled DotNet SDK version: 6.0.302
  Running UnrealBuildTool: dotnet "..\..\Engine\Binaries\DotNET\UnrealBuildTool\UnrealBuildTool.dll" Finished_ProjectEditor Win64 Development -Project="C:\Users\User\Desktop\Uni work\UClan-Masters\Project\Finished_Project\Finished_Project.uproject" -WaitMutex -FromMsBuild
  Log file: C:\Users\User\AppData\Local\UnrealBuildTool\Log.txt
  Creating makefile for Finished_ProjectEditor (no existing makefile)
UnrealBuildTool : warning : The 'Developer' module type has been deprecated in 4.24. Use 'DeveloperTool' for modules that can be loaded by game/client/server targets in non-shipping configurations, or 'UncookedOnly' for modules that should only be loaded by uncooked editor and program targets (eg. modules containing blueprint nodes)
C:\Users\User\Desktop\Uni work\UClan-Masters\Project\Finished_Project\Plugins\CGAL\CGAL.uplugin : warning : The 'Developer' module type has been deprecated in 4.24.
  Parsing headers for Finished_ProjectEditor
    Running Internal UnrealHeaderTool "C:\Users\User\Desktop\Uni work\UClan-Masters\Project\Finished_Project\Finished_Project.uproject" "C:\Users\User\Desktop\Uni work\UClan-Masters\Project\Finished_Project\Intermediate\Build\Win64\Finished_ProjectEditor\Development\Finished_ProjectEditor.uhtmanifest" -WarningsAsErrors -installed
  Total of 12 written
  Reflection code generated for Finished_ProjectEditor in 1.1357551 seconds
  Building Finished_ProjectEditor...
  Using Visual Studio 2022 14.33.31630 toolchain (C:\Program Files\Microsoft Visual Studio\2022\Community\VC\Tools\MSVC\14.33.31629) and Windows 10.0.19041.0 SDK (C:\Program Files (x86)\Windows Kits\10).
  [Upgrade]
  [Upgrade] Using backward-compatible include order. The latest version of UE has changed the order of includes, which may require code changes. The current setting is:
  [Upgrade]     IncludeOrderVersion = EngineIncludeOrderVersion.Unreal5_0
  [Upgrade] Suppress this message by setting 'IncludeOrderVersion = EngineIncludeOrderVersion.Unreal5_2;' in Finished_ProjectEditor.Target.cs.
  [Upgrade] Alternatively you can set this to 'EngineIncludeOrderVersion.Latest' to always use the latest include order. This will potentially cause compile errors when integrating new versions of the engine.
  [Upgrade]
  Determining max actions to execute in parallel (8 physical cores, 16 logical cores)
    Executing up to 8 processes, one per physical core
  Building 22 actions with 8 processes...
  [1/22] Resource Default.rc2
  [2/22] Resource Default.rc2
  [3/22] Compile [x64] SharedPCH.Engine.ShadowErrors.InclOrderUnreal5_0.cpp
  [4/22] Compile [x64] SharedPCH.Engine.RTTI.ShadowErrors.NoUndef.InclOrderUnreal5_0.cpp
  [5/22] Compile [x64] CGAL.cpp
  [6/22] Compile [x64] Finished_Project.cpp
  [7/22] Compile [x64] Finished_Project.init.gen.cpp
  [8/22] Compile [x64] Finished_ProjectGameModeBase.gen.cpp
  [9/22] Compile [x64] Finished_ProjectGameModeBase.cpp
  [10/22] Compile [x64] Trigger4D.gen.cpp
  [11/22] Link [x64] UnrealEditor-CGAL.lib
     Creating library C:\Users\User\Desktop\Uni work\UClan-Masters\Project\Finished_Project\Plugins\CGAL\Intermediate\Build\Win64\x64\UnrealEditor\Development\CGAL\UnrealEditor-CGAL.lib and object C:\Users\User\Desktop\Uni work\UClan-Masters\Project\Finished_Project\Plugins\CGAL\Intermediate\Build\Win64\x64\UnrealEditor\Development\CGAL\UnrealEditor-CGAL.exp
  [12/22] Compile [x64] Player4D.gen.cpp
  [13/22] Compile [x64] GameMode4D.gen.cpp
  [14/22] Link [x64] UnrealEditor-CGAL.dll
     Creating library C:\Users\User\Desktop\Uni work\UClan-Masters\Project\Finished_Project\Plugins\CGAL\Intermediate\Build\Win64\x64\UnrealEditor\Development\CGAL\UnrealEditor-CGAL.suppressed.lib and object C:\Users\User\Desktop\Uni work\UClan-Masters\Project\Finished_Project\Plugins\CGAL\Intermediate\Build\Win64\x64\UnrealEditor\Development\CGAL\UnrealEditor-CGAL.suppressed.exp
  [15/22] Compile [x64] Player4D.cpp
  [16/22] Compile [x64] GameMode4D.cpp
  [17/22] Compile [x64] DynamicActor4D.gen.cpp
  [18/22] Compile [x64] Trigger4D.cpp
  [19/22] Compile [x64] DynamicActor4D.cpp
  [20/22] Link [x64] UnrealEditor-Finished_Project.lib
     Creating library C:\Users\User\Desktop\Uni work\UClan-Masters\Project\Finished_Project\Intermediate\Build\Win64\x64\UnrealEditor\Development\Finished_Project\UnrealEditor-Finished_Project.lib and object C:\Users\User\Desktop\Uni work\UClan-Masters\Project\Finished_Project\Intermediate\Build\Win64\x64\UnrealEditor\Development\Finished_Project\UnrealEditor-Finished_Project.exp
  [21/22] Link [x64] UnrealEditor-Finished_Project.dll
     Creating library C:\Users\User\Desktop\Uni work\UClan-Masters\Project\Finished_Project\Intermediate\Build\Win64\x64\UnrealEditor\Development\Finished_Project\UnrealEditor-Finished_Project.suppressed.lib and object C:\Users\User\Desktop\Uni work\UClan-Masters\Project\Finished_Project\Intermediate\Build\Win64\x64\UnrealEditor\Development\Finished_Project\UnrealEditor-Finished_Project.suppressed.exp
  [22/22] WriteMetadata Finished_ProjectEditor.target
  Total time in Parallel executor: 67.82 seconds
  Total execution time: 82.02 seconds
